SF:lib/data/failure.dart
DA:3,7
DA:7,7
DA:11,6
LF:3
LH:3
end_of_record
SF:lib/data/repositories/market_stock_repository_imp.dart
DA:14,1
DA:16,1
DA:20,2
DA:21,2
DA:22,1
DA:24,1
LF:6
LH:6
end_of_record
SF:lib/data/models/market_stock_data/market_stock_response_model.dart
DA:15,5
DA:30,5
DA:31,5
DA:33,2
DA:35,10
DA:36,5
DA:37,5
DA:40,1
DA:41,3
LF:9
LH:9
end_of_record
SF:lib/data/models/market_stock_data/market_stock_response_model.g.dart
DA:9,5
DA:10,5
DA:11,5
DA:12,5
DA:13,5
DA:14,15
DA:15,5
DA:16,0
DA:19,1
DA:21,1
DA:22,2
DA:23,5
LF:12
LH:11
end_of_record
SF:lib/data/datasources/remote_data_source.dart
DA:16,0
DA:18,0
DA:21,0
DA:22,0
DA:24,0
DA:25,0
DA:27,0
LF:7
LH:0
end_of_record
SF:lib/domain/entities/market_stock.dart
DA:7,5
DA:11,4
DA:12,12
LF:3
LH:3
end_of_record
SF:lib/data/constant.dart
DA:20,1
DA:21,2
DA:22,1
DA:23,2
DA:24,2
DA:25,1
LF:6
LH:6
end_of_record
SF:lib/data/helpers/serialisation.dart
DA:2,5
DA:4,5
DA:10,5
DA:12,10
DA:18,5
DA:20,5
DA:26,0
DA:28,0
DA:34,5
DA:36,5
DA:42,5
DA:44,5
LF:12
LH:10
end_of_record
SF:lib/data/models/market_stock_data/market_stock_data_model.dart
DA:11,5
DA:104,5
DA:105,5
DA:107,2
DA:109,2
DA:110,2
DA:111,2
DA:112,2
DA:113,2
DA:114,2
DA:115,2
DA:116,2
DA:117,2
DA:118,2
DA:119,2
DA:120,2
DA:121,2
DA:122,2
DA:123,2
DA:124,2
DA:125,2
LF:21
LH:21
end_of_record
SF:lib/data/models/market_stock_data/market_stock_data_model.g.dart
DA:9,5
DA:10,5
DA:11,5
DA:12,5
DA:14,5
DA:15,5
DA:17,5
DA:18,5
DA:20,5
DA:21,5
DA:23,5
DA:24,5
DA:27,10
DA:29,5
DA:30,5
DA:31,5
DA:34,5
DA:35,10
DA:38,10
DA:39,10
DA:41,5
DA:42,5
DA:44,5
DA:46,10
DA:50,1
DA:52,1
DA:53,1
DA:54,1
DA:55,1
DA:56,1
DA:57,1
DA:58,1
DA:59,1
DA:60,1
DA:61,1
DA:62,1
DA:63,1
DA:64,1
DA:65,1
DA:66,1
DA:67,1
LF:41
LH:41
end_of_record
SF:lib/data/models/market_stock_data/market_stock_pagination_model.dart
DA:11,5
DA:39,5
DA:40,5
DA:42,2
DA:44,2
DA:45,10
LF:6
LH:6
end_of_record
SF:lib/data/models/market_stock_data/market_stock_pagination_model.g.dart
DA:9,5
DA:10,5
DA:11,5
DA:12,5
DA:13,5
DA:14,5
DA:17,1
DA:19,1
DA:20,1
DA:21,1
DA:22,1
DA:23,1
LF:12
LH:12
end_of_record
SF:lib/domain/usecases/get_market_stock.dart
DA:10,1
DA:12,1
DA:14,2
LF:3
LH:3
end_of_record
SF:lib/presentation/bloc/market_stock/market_stock_event.dart
DA:4,1
DA:11,1
DA:13,0
DA:14,0
LF:4
LH:2
end_of_record
SF:lib/presentation/bloc/market_stock/market_stock_state.dart
DA:4,4
DA:6,1
DA:7,1
DA:17,3
DA:19,1
DA:20,2
DA:26,2
DA:28,1
DA:29,2
LF:9
LH:9
end_of_record
SF:lib/presentation/bloc/market_stock/market_stock_bloc.dart
DA:13,3
DA:14,2
DA:16,1
DA:18,1
DA:20,2
DA:22,4
DA:23,1
DA:24,1
DA:25,3
DA:27,1
DA:28,2
DA:33,1
DA:34,0
LF:13
LH:12
end_of_record
SF:lib/presentation/buildexthelper.dart
DA:4,0
DA:8,0
DA:11,0
DA:15,0
DA:16,0
DA:19,0
DA:23,0
DA:24,0
DA:27,0
DA:32,0
DA:38,0
DA:44,0
DA:45,0
DA:52,0
DA:58,0
DA:59,0
DA:66,0
DA:71,0
DA:72,0
DA:74,0
DA:79,0
DA:80,0
DA:83,0
DA:84,0
DA:87,0
DA:91,0
DA:92,0
DA:93,0
DA:94,0
DA:95,0
DA:97,0
DA:99,0
DA:104,0
DA:105,0
LF:34
LH:0
end_of_record
SF:lib/presentation/pages/market_stock_details.dart
DA:9,0
DA:10,0
DA:13,0
DA:15,0
DA:17,0
DA:19,0
DA:20,0
DA:21,0
DA:23,0
DA:24,0
DA:26,0
DA:28,0
DA:29,0
DA:31,0
DA:34,0
DA:36,0
DA:38,0
DA:40,0
DA:42,0
DA:44,0
DA:46,0
DA:48,0
DA:50,0
DA:52,0
DA:54,0
DA:56,0
LF:26
LH:0
end_of_record
SF:lib/presentation/widgets/market_stock_fake_chart.dart
DA:10,0
DA:14,0
DA:15,0
DA:16,0
DA:22,0
DA:28,0
DA:29,0
DA:40,0
DA:41,0
DA:44,0
DA:59,0
DA:60,0
DA:61,0
DA:62,0
DA:63,0
DA:64,0
DA:65,0
DA:66,0
DA:67,0
DA:68,0
DA:69,0
DA:70,0
DA:71,0
DA:74,0
DA:75,0
DA:77,0
DA:78,0
DA:89,0
LF:28
LH:0
end_of_record
SF:lib/presentation/pages/search_market_stock.dart
DA:10,0
DA:11,0
DA:12,0
DA:14,0
DA:17,0
DA:18,0
DA:23,0
DA:25,0
DA:26,0
DA:27,0
DA:29,0
DA:30,0
DA:31,0
DA:32,0
DA:33,0
DA:34,0
DA:37,0
DA:38,0
DA:40,0
DA:41,0
DA:42,0
DA:43,0
DA:45,0
DA:51,0
DA:52,0
DA:55,0
DA:56,0
LF:27
LH:0
end_of_record
SF:lib/presentation/widgets/market_stock_list_tile.dart
DA:10,2
DA:12,1
DA:14,4
DA:16,1
DA:18,0
DA:19,3
DA:20,1
DA:22,1
DA:25,1
DA:26,1
DA:28,1
DA:29,1
DA:31,1
DA:34,1
DA:35,3
DA:36,1
DA:42,1
DA:44,1
DA:45,1
DA:47,1
DA:50,1
DA:51,3
DA:52,1
DA:58,1
DA:60,1
DA:61,1
DA:63,1
DA:66,1
DA:68,1
LF:29
LH:28
end_of_record
SF:lib/presentation/widgets/market_stock_data.dart
DA:13,2
DA:16,1
DA:17,1
DA:23,0
DA:24,0
DA:25,0
DA:26,0
DA:27,0
DA:28,0
DA:29,0
DA:31,0
DA:34,0
DA:35,0
DA:36,0
DA:37,0
DA:38,0
DA:39,0
DA:40,0
DA:41,0
DA:44,1
DA:46,1
DA:48,1
DA:50,1
DA:52,1
DA:54,1
DA:56,1
DA:57,1
DA:58,0
DA:59,1
DA:60,1
DA:61,1
DA:62,4
DA:63,1
DA:77,1
DA:78,0
DA:79,1
DA:80,1
DA:81,1
DA:82,4
DA:83,1
DA:97,1
DA:98,1
DA:100,1
DA:101,0
DA:103,0
DA:104,0
DA:112,1
DA:113,1
DA:115,0
DA:116,0
DA:121,1
DA:123,1
DA:124,3
DA:125,1
DA:126,3
DA:128,1
LF:56
LH:33
end_of_record
SF:lib/presentation/widgets/market_stock_error.dart
DA:8,1
DA:10,1
DA:12,1
DA:15,1
DA:18,1
DA:19,1
DA:21,1
DA:26,1
DA:27,1
DA:29,1
DA:35,1
DA:36,2
DA:40,1
DA:42,1
DA:43,2
DA:46,1
DA:51,1
DA:54,1
DA:55,0
DA:56,0
DA:57,0
DA:58,0
LF:22
LH:18
end_of_record
SF:lib/presentation/widgets/market_stock_loading.dart
DA:5,1
DA:7,1
LF:2
LH:2
end_of_record
